{
  "stats": {
    "suites": 0,
    "tests": 1,
    "passes": 1,
    "pending": 0,
    "failures": 0,
    "start": "2022-08-25T15:20:45.779Z",
    "end": "2022-08-25T15:20:50.539Z",
    "duration": 4760,
    "testsRegistered": 1,
    "passPercent": 100,
    "pendingPercent": 0,
    "other": 0,
    "hasOther": false,
    "skipped": 0,
    "hasSkipped": false
  },
  "results": [
    {
      "uuid": "8129166f-0cc7-4d8e-8fd7-b6d922650e8d",
      "title": "",
      "fullFile": "cypress\\e2e\\Login.cy.js",
      "file": "cypress\\e2e\\Login.cy.js",
      "beforeHooks": [],
      "afterHooks": [],
      "tests": [
        {
          "title": "My 1st Test",
          "fullTitle": "My 1st Test",
          "timedOut": null,
          "duration": 1364,
          "state": "passed",
          "speed": "fast",
          "pass": true,
          "fail": false,
          "pending": false,
          "context": null,
          "code": "cy.log('Login 1st Test starts');\ncy.visit('https://trytestingthis.netlify.app/');\ncy.get('#uname').type('test');\ncy.get('#pwd').type('test');\ncy.get('[type=\"submit\"]').click();\ncy.log('Login 1st Test ends');",
          "err": {},
          "uuid": "d9a9b6b3-6547-4ece-8149-c3311f38e0b3",
          "parentUUID": "8129166f-0cc7-4d8e-8fd7-b6d922650e8d",
          "isHook": false,
          "skipped": false
        }
      ],
      "suites": [],
      "passes": [
        "d9a9b6b3-6547-4ece-8149-c3311f38e0b3"
      ],
      "failures": [],
      "pending": [],
      "skipped": [],
      "duration": 1364,
      "root": true,
      "rootEmpty": false,
      "_timeout": 2000
    }
  ],
  "meta": {
    "mocha": {
      "version": "7.0.1"
    },
    "mochawesome": {
      "options": {
        "quiet": false,
        "reportFilename": "mochawesome",
        "saveHtml": false,
        "saveJson": true,
        "consoleReporter": "spec",
        "useInlineDiffs": false,
        "code": true
      },
      "version": "7.1.3"
    },
    "marge": {
      "options": {
        "charts": true,
        "overwrite": false,
        "html": false,
        "json": true,
        "reportDir": "cypress/reports"
      },
      "version": "6.2.0"
    }
  }
}