{
  "stats": {
    "suites": 0,
    "tests": 2,
    "passes": 1,
    "pending": 0,
    "failures": 1,
    "start": "2022-08-25T15:20:10.141Z",
    "end": "2022-08-25T15:20:32.809Z",
    "duration": 22668,
    "testsRegistered": 2,
    "passPercent": 50,
    "pendingPercent": 0,
    "other": 0,
    "hasOther": false,
    "skipped": 0,
    "hasSkipped": false
  },
  "results": [
    {
      "uuid": "278c00a4-8e77-41de-8a8f-b6181a15e580",
      "title": "",
      "fullFile": "cypress\\e2e\\GoogleSearch.cy.js",
      "file": "cypress\\e2e\\GoogleSearch.cy.js",
      "beforeHooks": [],
      "afterHooks": [],
      "tests": [
        {
          "title": "Google search 1st Test",
          "fullTitle": "Google search 1st Test",
          "timedOut": null,
          "duration": 11066,
          "state": "passed",
          "speed": "slow",
          "pass": true,
          "fail": false,
          "pending": false,
          "context": null,
          "code": "cy.log('Google 1st Test starts');\ncy.visit('https://google.com');\ncy.get('.gLFyf').type('cypress{enter}');\ncy.log('Google 2st Test ends');",
          "err": {},
          "uuid": "f53e34ad-58e5-41ed-a8a0-9bf3a450ed2e",
          "parentUUID": "278c00a4-8e77-41de-8a8f-b6181a15e580",
          "isHook": false,
          "skipped": false
        },
        {
          "title": "Google search 2st Test",
          "fullTitle": "Google search 2st Test",
          "timedOut": null,
          "duration": 7241,
          "state": "failed",
          "speed": null,
          "pass": false,
          "fail": true,
          "pending": false,
          "context": null,
          "code": "cy.log('Google 2st Test starts');\ncy.visit('https://google.com');\ncy.get('.gLFy').type('cypress{enter}');\ncy.log('Google 2st Test ends');",
          "err": {
            "message": "AssertionError: Timed out retrying after 4000ms: Expected to find element: `.gLFy`, but never found it.",
            "estack": "AssertionError: Timed out retrying after 4000ms: Expected to find element: `.gLFy`, but never found it.\n    at Context.eval (https://www.google.com/__cypress/tests?p=cypress\\e2e\\GoogleSearch.cy.js:109:6)",
            "diff": null
          },
          "uuid": "ba79ab2b-9109-4f85-9647-0aa83aac45a4",
          "parentUUID": "278c00a4-8e77-41de-8a8f-b6181a15e580",
          "isHook": false,
          "skipped": false
        }
      ],
      "suites": [],
      "passes": [
        "f53e34ad-58e5-41ed-a8a0-9bf3a450ed2e"
      ],
      "failures": [
        "ba79ab2b-9109-4f85-9647-0aa83aac45a4"
      ],
      "pending": [],
      "skipped": [],
      "duration": 18307,
      "root": true,
      "rootEmpty": false,
      "_timeout": 2000
    }
  ],
  "meta": {
    "mocha": {
      "version": "7.0.1"
    },
    "mochawesome": {
      "options": {
        "quiet": false,
        "reportFilename": "mochawesome",
        "saveHtml": false,
        "saveJson": true,
        "consoleReporter": "spec",
        "useInlineDiffs": false,
        "code": true
      },
      "version": "7.1.3"
    },
    "marge": {
      "options": {
        "charts": true,
        "overwrite": false,
        "html": false,
        "json": true,
        "reportDir": "cypress/reports"
      },
      "version": "6.2.0"
    }
  }
}